{"D:\\Proyectos\\mios\\vigitech\\client\\src\\infrastructure\\hooks\\use-item-lists\\api\\constants\\constants.ts": {"path":"D:\\Proyectos\\mios\\vigitech\\client\\src\\infrastructure\\hooks\\use-item-lists\\api\\constants\\constants.ts","statementMap":{"0":{"start":{"line":1,"column":13},"end":{"line":1,"column":56}}},"fnMap":{},"branchMap":{},"s":{"0":1},"f":{},"b":{}}
,"D:\\Proyectos\\mios\\vigitech\\client\\src\\infrastructure\\hooks\\use-item-lists\\api\\constants\\index.ts": {"path":"D:\\Proyectos\\mios\\vigitech\\client\\src\\infrastructure\\hooks\\use-item-lists\\api\\constants\\index.ts","statementMap":{"0":{"start":{"line":1,"column":0},"end":{"line":1,"column":9}},"1":{"start":{"line":1,"column":9},"end":{"line":1,"column":46}}},"fnMap":{"0":{"name":"(anonymous_0)","decl":{"start":{"line":1,"column":9},"end":{"line":1,"column":25}},"loc":{"start":{"line":1,"column":9},"end":{"line":1,"column":46}}}},"branchMap":{},"s":{"0":1,"1":8},"f":{"0":7},"b":{}}
,"D:\\Proyectos\\mios\\vigitech\\client\\src\\infrastructure\\hooks\\use-item-lists\\api\\query-options\\findLists.query.ts": {"path":"D:\\Proyectos\\mios\\vigitech\\client\\src\\infrastructure\\hooks\\use-item-lists\\api\\query-options\\findLists.query.ts","statementMap":{"0":{"start":{"line":1,"column":0},"end":{"line":1,"column":53}},"1":{"start":{"line":2,"column":0},"end":{"line":2,"column":53}},"2":{"start":{"line":4,"column":0},"end":{"line":4,"column":48}},"3":{"start":{"line":6,"column":35},"end":{"line":9,"column":2}},"4":{"start":{"line":6,"column":41},"end":{"line":9,"column":2}},"5":{"start":{"line":8,"column":19},"end":{"line":8,"column":51}},"6":{"start":{"line":6,"column":13},"end":{"line":6,"column":35}},"7":{"start":{"line":11,"column":35},"end":{"line":15,"column":2}},"8":{"start":{"line":11,"column":53},"end":{"line":15,"column":2}},"9":{"start":{"line":13,"column":19},"end":{"line":13,"column":57}},"10":{"start":{"line":11,"column":13},"end":{"line":11,"column":35}}},"fnMap":{"0":{"name":"(anonymous_0)","decl":{"start":{"line":6,"column":35},"end":{"line":6,"column":38}},"loc":{"start":{"line":6,"column":41},"end":{"line":9,"column":2}}},"1":{"name":"(anonymous_1)","decl":{"start":{"line":8,"column":13},"end":{"line":8,"column":16}},"loc":{"start":{"line":8,"column":19},"end":{"line":8,"column":51}}},"2":{"name":"(anonymous_2)","decl":{"start":{"line":11,"column":35},"end":{"line":11,"column":36}},"loc":{"start":{"line":11,"column":53},"end":{"line":15,"column":2}}},"3":{"name":"(anonymous_3)","decl":{"start":{"line":13,"column":13},"end":{"line":13,"column":16}},"loc":{"start":{"line":13,"column":19},"end":{"line":13,"column":57}}}},"branchMap":{},"s":{"0":1,"1":1,"2":1,"3":1,"4":1,"5":1,"6":1,"7":1,"8":2,"9":1,"10":1},"f":{"0":1,"1":1,"2":2,"3":1},"b":{}}
,"D:\\Proyectos\\mios\\vigitech\\client\\src\\ui\\components\\error\\Error.tsx": {"path":"D:\\Proyectos\\mios\\vigitech\\client\\src\\ui\\components\\error\\Error.tsx","statementMap":{"0":{"start":{"line":2,"column":0},"end":{"line":2,"column":30}},"1":{"start":{"line":9,"column":43},"end":{"line":42,"column":1}},"2":{"start":{"line":14,"column":4},"end":{"line":41,"column":null}},"3":{"start":{"line":36,"column":31},"end":{"line":36,"column":57}},"4":{"start":{"line":9,"column":13},"end":{"line":9,"column":43}}},"fnMap":{"0":{"name":"(anonymous_1)","decl":{"start":{"line":9,"column":43},"end":{"line":9,"column":44}},"loc":{"start":{"line":12,"column":5},"end":{"line":42,"column":1}}},"1":{"name":"(anonymous_2)","decl":{"start":{"line":36,"column":25},"end":{"line":36,"column":28}},"loc":{"start":{"line":36,"column":31},"end":{"line":36,"column":57}}}},"branchMap":{"0":{"loc":{"start":{"line":11,"column":4},"end":{"line":11,"column":23}},"type":"default-arg","locations":[{"start":{"line":11,"column":21},"end":{"line":11,"column":23}}]}},"s":{"0":1,"1":1,"2":1,"3":0,"4":1},"f":{"0":1,"1":0},"b":{"0":[0]}}
,"D:\\Proyectos\\mios\\vigitech\\client\\src\\ui\\components\\layout\\footer\\Footer.component.tsx": {"path":"D:\\Proyectos\\mios\\vigitech\\client\\src\\ui\\components\\layout\\footer\\Footer.component.tsx","statementMap":{"0":{"start":{"line":1,"column":0},"end":{"line":1,"column":42}},"1":{"start":{"line":3,"column":32},"end":{"line":25,"column":1}},"2":{"start":{"line":4,"column":4},"end":{"line":24,"column":null}},"3":{"start":{"line":16,"column":24},"end":{"line":16,"column":45}},"4":{"start":{"line":3,"column":13},"end":{"line":3,"column":32}}},"fnMap":{"0":{"name":"(anonymous_0)","decl":{"start":{"line":3,"column":32},"end":{"line":3,"column":35}},"loc":{"start":{"line":3,"column":37},"end":{"line":25,"column":1}}},"1":{"name":"(anonymous_1)","decl":{"start":{"line":15,"column":26},"end":{"line":15,"column":27}},"loc":{"start":{"line":16,"column":24},"end":{"line":16,"column":45}}}},"branchMap":{},"s":{"0":1,"1":1,"2":3,"3":18,"4":1},"f":{"0":3,"1":18},"b":{}}
}
