TN:
SF:src\infrastructure\hooks\use-item-lists\api\constants\constants.ts
FNF:0
FNH:0
DA:1,1
LF:1
LH:1
BRF:0
BRH:0
end_of_record
TN:
SF:src\infrastructure\hooks\use-item-lists\api\constants\index.ts
FN:1,(anonymous_0)
FNF:1
FNH:1
FNDA:7,(anonymous_0)
DA:1,8
LF:1
LH:1
BRF:0
BRH:0
end_of_record
TN:
SF:src\infrastructure\hooks\use-item-lists\api\query-options\findLists.query.ts
FN:6,(anonymous_0)
FN:8,(anonymous_1)
FN:11,(anonymous_2)
FN:13,(anonymous_3)
FNF:4
FNH:4
FNDA:1,(anonymous_0)
FNDA:1,(anonymous_1)
FNDA:2,(anonymous_2)
FNDA:1,(anonymous_3)
DA:1,1
DA:2,1
DA:4,1
DA:6,1
DA:8,1
DA:11,2
DA:13,1
LF:7
LH:7
BRF:0
BRH:0
end_of_record
TN:
SF:src\ui\components\error\Error.tsx
FN:9,(anonymous_1)
FN:36,(anonymous_2)
FNF:2
FNH:1
FNDA:1,(anonymous_1)
FNDA:0,(anonymous_2)
DA:2,1
DA:9,1
DA:14,1
DA:36,0
LF:4
LH:3
BRDA:11,0,0,0
BRF:1
BRH:0
end_of_record
TN:
SF:src\ui\components\layout\footer\Footer.component.tsx
FN:3,(anonymous_0)
FN:15,(anonymous_1)
FNF:2
FNH:2
FNDA:3,(anonymous_0)
FNDA:18,(anonymous_1)
DA:1,1
DA:3,1
DA:4,3
DA:16,18
LF:4
LH:4
BRF:0
BRH:0
end_of_record
